<?xml version="1.0" encoding="UTF-8"?>
<testng-results ignored="0" total="12" passed="11" failed="1" skipped="0">
  <reporter-output>
  </reporter-output>
  <suite started-at="2020-04-25T19:29:35 IST" name="FREE CRM Application Test suite" finished-at="2020-04-25T19:34:12 IST" duration-ms="277089">
    <groups>
    </groups>
    <test started-at="2020-04-25T19:29:35 IST" name="FREE CRM Application Test cases" finished-at="2020-04-25T19:34:12 IST" duration-ms="277089">
      <class name="com.crm.qa.testcases.HomePageTest">
        <test-method is-config="true" signature="setup()[pri:0, instance:com.crm.qa.testcases.HomePageTest@2b6faea6]" started-at="2020-04-25T19:30:17 IST" name="setup" finished-at="2020-04-25T19:30:43 IST" duration-ms="25829" status="PASS">
          <reporter-output>
          </reporter-output>
        </test-method> <!-- setup -->
        <test-method signature="verifyTitleOfHomePageTest()[pri:1, instance:com.crm.qa.testcases.HomePageTest@2b6faea6]" started-at="2020-04-25T19:30:43 IST" name="verifyTitleOfHomePageTest" finished-at="2020-04-25T19:30:43 IST" duration-ms="8" status="PASS">
          <reporter-output>
          </reporter-output>
        </test-method> <!-- verifyTitleOfHomePageTest -->
        <test-method is-config="true" signature="tearDown()[pri:0, instance:com.crm.qa.testcases.HomePageTest@2b6faea6]" started-at="2020-04-25T19:30:43 IST" name="tearDown" finished-at="2020-04-25T19:30:44 IST" duration-ms="751" status="PASS">
          <reporter-output>
          </reporter-output>
        </test-method> <!-- tearDown -->
        <test-method is-config="true" signature="setup()[pri:0, instance:com.crm.qa.testcases.HomePageTest@2b6faea6]" started-at="2020-04-25T19:30:44 IST" name="setup" finished-at="2020-04-25T19:31:01 IST" duration-ms="16936" status="PASS">
          <reporter-output>
          </reporter-output>
        </test-method> <!-- setup -->
        <test-method signature="verifyLoggedInUserNameTest()[pri:2, instance:com.crm.qa.testcases.HomePageTest@2b6faea6]" started-at="2020-04-25T19:31:01 IST" name="verifyLoggedInUserNameTest" finished-at="2020-04-25T19:31:02 IST" duration-ms="1840" status="PASS">
          <reporter-output>
          </reporter-output>
        </test-method> <!-- verifyLoggedInUserNameTest -->
        <test-method is-config="true" signature="tearDown()[pri:0, instance:com.crm.qa.testcases.HomePageTest@2b6faea6]" started-at="2020-04-25T19:31:02 IST" name="tearDown" finished-at="2020-04-25T19:31:03 IST" duration-ms="634" status="PASS">
          <reporter-output>
          </reporter-output>
        </test-method> <!-- tearDown -->
        <test-method is-config="true" signature="setup()[pri:0, instance:com.crm.qa.testcases.HomePageTest@2b6faea6]" started-at="2020-04-25T19:31:03 IST" name="setup" finished-at="2020-04-25T19:31:26 IST" duration-ms="22725" status="PASS">
          <reporter-output>
          </reporter-output>
        </test-method> <!-- setup -->
        <test-method signature="verifyContactsLinkTest()[pri:3, instance:com.crm.qa.testcases.HomePageTest@2b6faea6]" started-at="2020-04-25T19:31:26 IST" name="verifyContactsLinkTest" finished-at="2020-04-25T19:31:28 IST" duration-ms="1981" status="PASS">
          <reporter-output>
          </reporter-output>
        </test-method> <!-- verifyContactsLinkTest -->
        <test-method is-config="true" signature="tearDown()[pri:0, instance:com.crm.qa.testcases.HomePageTest@2b6faea6]" started-at="2020-04-25T19:31:28 IST" name="tearDown" finished-at="2020-04-25T19:31:28 IST" duration-ms="665" status="PASS">
          <reporter-output>
          </reporter-output>
        </test-method> <!-- tearDown -->
      </class> <!-- com.crm.qa.testcases.HomePageTest -->
      <class name="com.crm.qa.testcases.ContactsPageTest">
        <test-method is-config="true" signature="setup()[pri:0, instance:com.crm.qa.testcases.ContactsPageTest@778d1062]" started-at="2020-04-25T19:31:28 IST" name="setup" finished-at="2020-04-25T19:31:48 IST" duration-ms="19977" status="PASS">
          <reporter-output>
          </reporter-output>
        </test-method> <!-- setup -->
        <test-method signature="verifyContactsPageLabel()[pri:1, instance:com.crm.qa.testcases.ContactsPageTest@778d1062]" started-at="2020-04-25T19:31:48 IST" name="verifyContactsPageLabel" finished-at="2020-04-25T19:31:49 IST" duration-ms="145" status="PASS">
          <reporter-output>
          </reporter-output>
        </test-method> <!-- verifyContactsPageLabel -->
        <test-method is-config="true" signature="tearDown()[pri:0, instance:com.crm.qa.testcases.ContactsPageTest@778d1062]" started-at="2020-04-25T19:31:49 IST" name="tearDown" finished-at="2020-04-25T19:31:49 IST" duration-ms="642" status="PASS">
          <reporter-output>
          </reporter-output>
        </test-method> <!-- tearDown -->
        <test-method is-config="true" signature="setup()[pri:0, instance:com.crm.qa.testcases.ContactsPageTest@778d1062]" started-at="2020-04-25T19:31:49 IST" name="setup" finished-at="2020-04-25T19:32:14 IST" duration-ms="24552" status="PASS">
          <reporter-output>
          </reporter-output>
        </test-method> <!-- setup -->
        <test-method signature="selectSingleContactTest()[pri:2, instance:com.crm.qa.testcases.ContactsPageTest@778d1062]" started-at="2020-04-25T19:32:14 IST" name="selectSingleContactTest" finished-at="2020-04-25T19:32:18 IST" duration-ms="3989" status="PASS">
          <reporter-output>
          </reporter-output>
        </test-method> <!-- selectSingleContactTest -->
        <test-method is-config="true" signature="tearDown()[pri:0, instance:com.crm.qa.testcases.ContactsPageTest@778d1062]" started-at="2020-04-25T19:32:18 IST" name="tearDown" finished-at="2020-04-25T19:32:18 IST" duration-ms="659" status="PASS">
          <reporter-output>
          </reporter-output>
        </test-method> <!-- tearDown -->
        <test-method is-config="true" signature="setup()[pri:0, instance:com.crm.qa.testcases.ContactsPageTest@778d1062]" started-at="2020-04-25T19:32:18 IST" name="setup" finished-at="2020-04-25T19:32:36 IST" duration-ms="17939" status="PASS">
          <reporter-output>
          </reporter-output>
        </test-method> <!-- setup -->
        <test-method signature="selectMultipleContactsTest()[pri:3, instance:com.crm.qa.testcases.ContactsPageTest@778d1062]" started-at="2020-04-25T19:32:36 IST" name="selectMultipleContactsTest" finished-at="2020-04-25T19:32:40 IST" duration-ms="3365" status="PASS">
          <reporter-output>
          </reporter-output>
        </test-method> <!-- selectMultipleContactsTest -->
        <test-method is-config="true" signature="tearDown()[pri:0, instance:com.crm.qa.testcases.ContactsPageTest@778d1062]" started-at="2020-04-25T19:32:40 IST" name="tearDown" finished-at="2020-04-25T19:32:40 IST" duration-ms="686" status="PASS">
          <reporter-output>
          </reporter-output>
        </test-method> <!-- tearDown -->
        <test-method is-config="true" signature="setup()[pri:0, instance:com.crm.qa.testcases.ContactsPageTest@778d1062]" started-at="2020-04-25T19:32:42 IST" name="setup" finished-at="2020-04-25T19:33:05 IST" duration-ms="23301" status="PASS">
          <reporter-output>
          </reporter-output>
        </test-method> <!-- setup -->
        <test-method signature="validateCreateNewContact(java.lang.String, java.lang.String, java.lang.String, java.lang.String)[pri:4, instance:com.crm.qa.testcases.ContactsPageTest@778d1062]" started-at="2020-04-25T19:33:05 IST" name="validateCreateNewContact" data-provider="getCRMTestData" finished-at="2020-04-25T19:33:14 IST" duration-ms="8704" status="PASS">
          <params>
            <param index="0">
              <value>
                <![CDATA[Customer]]>
              </value>
            </param>
            <param index="1">
              <value>
                <![CDATA[Tom]]>
              </value>
            </param>
            <param index="2">
              <value>
                <![CDATA[Peter]]>
              </value>
            </param>
            <param index="3">
              <value>
                <![CDATA[Google]]>
              </value>
            </param>
          </params>
          <reporter-output>
          </reporter-output>
        </test-method> <!-- validateCreateNewContact -->
        <test-method is-config="true" signature="tearDown()[pri:0, instance:com.crm.qa.testcases.ContactsPageTest@778d1062]" started-at="2020-04-25T19:33:14 IST" name="tearDown" finished-at="2020-04-25T19:33:15 IST" duration-ms="652" status="PASS">
          <reporter-output>
          </reporter-output>
        </test-method> <!-- tearDown -->
        <test-method is-config="true" signature="setup()[pri:0, instance:com.crm.qa.testcases.ContactsPageTest@778d1062]" started-at="2020-04-25T19:33:15 IST" name="setup" finished-at="2020-04-25T19:33:32 IST" duration-ms="17798" status="PASS">
          <reporter-output>
          </reporter-output>
        </test-method> <!-- setup -->
        <test-method signature="validateCreateNewContact(java.lang.String, java.lang.String, java.lang.String, java.lang.String)[pri:4, instance:com.crm.qa.testcases.ContactsPageTest@778d1062]" started-at="2020-04-25T19:33:32 IST" name="validateCreateNewContact" data-provider="getCRMTestData" finished-at="2020-04-25T19:33:39 IST" duration-ms="6183" status="PASS">
          <params>
            <param index="0">
              <value>
                <![CDATA[Contact]]>
              </value>
            </param>
            <param index="1">
              <value>
                <![CDATA[David]]>
              </value>
            </param>
            <param index="2">
              <value>
                <![CDATA[Abraham]]>
              </value>
            </param>
            <param index="3">
              <value>
                <![CDATA[Amazon]]>
              </value>
            </param>
          </params>
          <reporter-output>
          </reporter-output>
        </test-method> <!-- validateCreateNewContact -->
        <test-method is-config="true" signature="tearDown()[pri:0, instance:com.crm.qa.testcases.ContactsPageTest@778d1062]" started-at="2020-04-25T19:33:39 IST" name="tearDown" finished-at="2020-04-25T19:33:39 IST" duration-ms="649" status="PASS">
          <reporter-output>
          </reporter-output>
        </test-method> <!-- tearDown -->
        <test-method is-config="true" signature="setup()[pri:0, instance:com.crm.qa.testcases.ContactsPageTest@778d1062]" started-at="2020-04-25T19:33:39 IST" name="setup" finished-at="2020-04-25T19:34:03 IST" duration-ms="23927" status="PASS">
          <reporter-output>
          </reporter-output>
        </test-method> <!-- setup -->
        <test-method signature="validateCreateNewContact(java.lang.String, java.lang.String, java.lang.String, java.lang.String)[pri:4, instance:com.crm.qa.testcases.ContactsPageTest@778d1062]" started-at="2020-04-25T19:34:03 IST" name="validateCreateNewContact" data-provider="getCRMTestData" finished-at="2020-04-25T19:34:11 IST" duration-ms="7841" status="PASS">
          <params>
            <param index="0">
              <value>
                <![CDATA[Lead]]>
              </value>
            </param>
            <param index="1">
              <value>
                <![CDATA[Sachin]]>
              </value>
            </param>
            <param index="2">
              <value>
                <![CDATA[Tend]]>
              </value>
            </param>
            <param index="3">
              <value>
                <![CDATA[Flipkart]]>
              </value>
            </param>
          </params>
          <reporter-output>
          </reporter-output>
        </test-method> <!-- validateCreateNewContact -->
        <test-method is-config="true" signature="tearDown()[pri:0, instance:com.crm.qa.testcases.ContactsPageTest@778d1062]" started-at="2020-04-25T19:34:11 IST" name="tearDown" finished-at="2020-04-25T19:34:12 IST" duration-ms="673" status="PASS">
          <reporter-output>
          </reporter-output>
        </test-method> <!-- tearDown -->
      </class> <!-- com.crm.qa.testcases.ContactsPageTest -->
      <class name="com.crm.qa.testcases.LoginPageTest">
        <test-method is-config="true" signature="setup()[pri:0, instance:com.crm.qa.testcases.LoginPageTest@1e802ef9]" started-at="2020-04-25T19:29:35 IST" name="setup" finished-at="2020-04-25T19:29:50 IST" duration-ms="15033" status="PASS">
          <reporter-output>
          </reporter-output>
        </test-method> <!-- setup -->
        <test-method signature="loginPageTitleTest()[pri:1, instance:com.crm.qa.testcases.LoginPageTest@1e802ef9]" started-at="2020-04-25T19:29:50 IST" name="loginPageTitleTest" finished-at="2020-04-25T19:29:50 IST" duration-ms="46" status="PASS">
          <reporter-output>
          </reporter-output>
        </test-method> <!-- loginPageTitleTest -->
        <test-method is-config="true" signature="tearDown()[pri:0, instance:com.crm.qa.testcases.LoginPageTest@1e802ef9]" started-at="2020-04-25T19:29:50 IST" name="tearDown" finished-at="2020-04-25T19:29:50 IST" duration-ms="649" status="PASS">
          <reporter-output>
          </reporter-output>
        </test-method> <!-- tearDown -->
        <test-method is-config="true" signature="setup()[pri:0, instance:com.crm.qa.testcases.LoginPageTest@1e802ef9]" started-at="2020-04-25T19:29:50 IST" name="setup" finished-at="2020-04-25T19:29:58 IST" duration-ms="7722" status="PASS">
          <reporter-output>
          </reporter-output>
        </test-method> <!-- setup -->
        <test-method signature="crmLogoImgTest()[pri:2, instance:com.crm.qa.testcases.LoginPageTest@1e802ef9]" started-at="2020-04-25T19:29:58 IST" name="crmLogoImgTest" finished-at="2020-04-25T19:29:58 IST" duration-ms="184" status="FAIL">
          <exception class="java.lang.AssertionError">
            <message>
              <![CDATA[expected [true] but found [false]]]>
            </message>
            <full-stacktrace>
              <![CDATA[java.lang.AssertionError: expected [true] but found [false]
at org.testng.Assert.fail(Assert.java:97)
at org.testng.Assert.failNotEquals(Assert.java:969)
at org.testng.Assert.assertTrue(Assert.java:43)
at org.testng.Assert.assertTrue(Assert.java:53)
at com.crm.qa.testcases.LoginPageTest.crmLogoImgTest(LoginPageTest.java:32)
at java.base/jdk.internal.reflect.NativeMethodAccessorImpl.invoke0(Native Method)
at java.base/jdk.internal.reflect.NativeMethodAccessorImpl.invoke(NativeMethodAccessorImpl.java:62)
at java.base/jdk.internal.reflect.DelegatingMethodAccessorImpl.invoke(DelegatingMethodAccessorImpl.java:43)
at java.base/java.lang.reflect.Method.invoke(Method.java:567)
at org.testng.internal.MethodInvocationHelper.invokeMethod(MethodInvocationHelper.java:134)
at org.testng.internal.TestInvoker.invokeMethod(TestInvoker.java:597)
at org.testng.internal.TestInvoker.invokeTestMethod(TestInvoker.java:173)
at org.testng.internal.MethodRunner.runInSequence(MethodRunner.java:46)
at org.testng.internal.TestInvoker$MethodInvocationAgent.invoke(TestInvoker.java:816)
at org.testng.internal.TestInvoker.invokeTestMethods(TestInvoker.java:146)
at org.testng.internal.TestMethodWorker.invokeTestMethods(TestMethodWorker.java:146)
at org.testng.internal.TestMethodWorker.run(TestMethodWorker.java:128)
at java.base/java.util.ArrayList.forEach(ArrayList.java:1507)
at org.testng.TestRunner.privateRun(TestRunner.java:766)
at org.testng.TestRunner.run(TestRunner.java:587)
at org.testng.SuiteRunner.runTest(SuiteRunner.java:384)
at org.testng.SuiteRunner.runSequentially(SuiteRunner.java:378)
at org.testng.SuiteRunner.privateRun(SuiteRunner.java:337)
at org.testng.SuiteRunner.run(SuiteRunner.java:286)
at org.testng.SuiteRunnerWorker.runSuite(SuiteRunnerWorker.java:53)
at org.testng.SuiteRunnerWorker.run(SuiteRunnerWorker.java:96)
at org.testng.TestNG.runSuitesSequentially(TestNG.java:1187)
at org.testng.TestNG.runSuitesLocally(TestNG.java:1109)
at org.testng.TestNG.runSuites(TestNG.java:1039)
at org.testng.TestNG.run(TestNG.java:1007)
at org.testng.remote.AbstractRemoteTestNG.run(AbstractRemoteTestNG.java:115)
at org.testng.remote.RemoteTestNG.initAndRun(RemoteTestNG.java:251)
at org.testng.remote.RemoteTestNG.main(RemoteTestNG.java:77)
]]>
            </full-stacktrace>
          </exception> <!-- java.lang.AssertionError -->
          <reporter-output>
          </reporter-output>
        </test-method> <!-- crmLogoImgTest -->
        <test-method is-config="true" signature="tearDown()[pri:0, instance:com.crm.qa.testcases.LoginPageTest@1e802ef9]" started-at="2020-04-25T19:29:58 IST" name="tearDown" finished-at="2020-04-25T19:29:59 IST" duration-ms="633" status="PASS">
          <reporter-output>
          </reporter-output>
        </test-method> <!-- tearDown -->
        <test-method is-config="true" signature="setup()[pri:0, instance:com.crm.qa.testcases.LoginPageTest@1e802ef9]" started-at="2020-04-25T19:29:59 IST" name="setup" finished-at="2020-04-25T19:30:07 IST" duration-ms="7640" status="PASS">
          <reporter-output>
          </reporter-output>
        </test-method> <!-- setup -->
        <test-method signature="loginTest()[pri:3, instance:com.crm.qa.testcases.LoginPageTest@1e802ef9]" started-at="2020-04-25T19:30:07 IST" name="loginTest" finished-at="2020-04-25T19:30:16 IST" duration-ms="9766" status="PASS">
          <reporter-output>
          </reporter-output>
        </test-method> <!-- loginTest -->
        <test-method is-config="true" signature="tearDown()[pri:0, instance:com.crm.qa.testcases.LoginPageTest@1e802ef9]" started-at="2020-04-25T19:30:16 IST" name="tearDown" finished-at="2020-04-25T19:30:17 IST" duration-ms="723" status="PASS">
          <reporter-output>
          </reporter-output>
        </test-method> <!-- tearDown -->
      </class> <!-- com.crm.qa.testcases.LoginPageTest -->
    </test> <!-- FREE CRM Application Test cases -->
  </suite> <!-- FREE CRM Application Test suite -->
</testng-results>
